  0:00 ------------------------------------------------------------
  0:00 InitGame: \sv_allowdownload\0\g_matchmode\0\g_gametype\7\sv_maxclients\12\sv_floodprotect\0\capturelimit\0\sv_hostname\New Unnamed Server\g_followstrict\0\fraglimit\0\timelimit\20\g_swaproles\0\g_roundtime\3\g_bombexplodetime\40\g_bombdefusetime\10\g_hotpotato\2\g_waverespawns\1\g_redwave\15\g_bluewave\15\g_respawndelay\8\g_suddendeath\1\g_maxrounds\0\g_friendlyfire\1\g_allowvote\0\g_armbands\1\g_funstuff\1\sv_clientsPerIp\0\sv_maxPing\0\sv_minPing\0\sv_maxRate\0\sv_minRate\0\version\ioQ3 1.35 urt 4.2.023 linux-x86_64 Jan 17 2015\dmflags\0\protocol\68\mapname\ut4_prague_v2\sv_privateClients\0\gamename\q3urt42\g_maxGameClients\0\g_needpass\0\g_enableDust\0\g_enableBreath\0\g_antilagvis\0\g_survivor\0\g_enablePrecip\0\g_deadchat\2\g_walljumps\3\g_stamina\0\g_skins\1\g_stratTime\0\auth\0\auth_status\init\g_modversion\4.2.023
  0:00 Warmup:
  0:00 Session data initialised for client on slot 0 at 36638
  0:00 ClientConnect: 0
  0:00 ClientUserinfo: 0 \ip\localhost\challenge\0\qport\235\protocol\68\name\Krzyszti\rate\8000\g_gametype\7\sex\male\handicap\100\color2\5\color1\4\snaps\20\authc\0\cl_guid\D48BF497957575233A618B87CC14A018
  0:00 ClientUserinfoChanged: 0 n\Krzyszti\t\3\r\2\tl\0\f0\\f1\\f2\\a0\255\a1\255\a2\255
  0:00 Session data initialised for client on slot 0 at 36670
  0:00 ClientConnect: 1
  0:00 ClientUserinfo: 1 \ip\192.168.0.111:27960\challenge\-1282756125\qport\797\protocol\68\name\rafal\rate\8000\sex\male\handicap\100\color2\5\color1\4\snaps\20\authc\0\cl_guid\17CB35F8398E5D1758D21B9DFCD5CC04
  0:00 ClientUserinfoChanged: 1 n\rafal\t\3\r\2\tl\0\f0\\f1\\f2\\a0\255\a1\255\a2\255
  0:00 Session data initialised for client on slot 0 at 36671
  0:00 ClientConnect: 2
  0:00 ClientUserinfo: 2 \ip\192.168.0.115:27960\challenge\1441867030\qport\381\protocol\68\name\btr\rate\8000\sex\male\handicap\100\color2\5\color1\4\snaps\20\authc\0\cl_guid\A6CA6C9E82762EE3FC2E13B463DDC101
  0:00 ClientUserinfoChanged: 2 n\btr\t\3\r\2\tl\0\f0\\f1\\f2\\a0\255\a1\255\a2\255
  0:00 ClientUserinfo: 0 \ip\localhost\name\Krzyszti\racered\2\raceblue\2\rate\8000\ut_timenudge\0\cg_rgb\128 128 128\cg_physics\1\g_gametype\7\gear\GaAORWA\racefree\2\cl_time\5RCL*j?4LH&z9yMM\cg_ghost\0\cg_autoPickup\-1\sex\male\handicap\100\color2\5\color1\4\snaps\20\authc\0\cl_guid\D48BF497957575233A618B87CC14A018\weapmodes\00000110220000010002000
  0:00 ClientUserinfoChanged: 0 n\Krzyszti\t\3\r\2\tl\0\f0\\f1\\f2\\a0\255\a1\255\a2\255
  0:00 ClientBegin: 0
  0:03 ClientUserinfo: 0 \ip\localhost\name\Krzyszti\racered\2\raceblue\2\rate\8000\ut_timenudge\0\cg_rgb\128 128 128\cg_physics\1\g_gametype\7\gear\GaAORWA\racefree\2\cl_time\5RCL*j?4LH&z9yMM\cg_ghost\0\cg_autoPickup\-1\sex\male\handicap\100\color2\5\color1\4\snaps\20\authc\0\cl_guid\D48BF497957575233A618B87CC14A018\weapmodes\00000110220000010002000
  0:03 ClientUserinfoChanged: 0 n\Krzyszti\t\1\r\2\tl\0\f0\\f1\\f2\\a0\255\a1\0\a2\0
  0:03 ClientSpawn: 0
  0:03 ClientBegin: 0
  0:07 ClientUserinfo: 2 \ip\192.168.0.115:27960\name\btr\racered\2\raceblue\2\rate\8000\ut_timenudge\0\cg_rgb\128 128 128\cg_physics\1\sex\male\handicap\100\color2\5\color1\4\snaps\20\cg_autoPickup\-1\cg_ghost\0\cl_time\L4EYc5q$rcjLH?K4\racefree\2\gear\GMJOWAA\authc\0\cl_guid\A6CA6C9E82762EE3FC2E13B463DDC101\weapmodes\00000110220000020002000
  0:07 ClientUserinfoChanged: 2 n\btr\t\3\r\2\tl\0\f0\\f1\\f2\\a0\255\a1\255\a2\255
  0:07 ClientBegin: 2
  0:09 Session data initialised for client on slot 0 at 56366
  0:09 ClientConnect: 3
  0:09 ClientUserinfo: 3 \ip\192.168.26.13:27960\challenge\1175062168\qport\662\protocol\68\name\kto to?\rate\8000\sex\male\handicap\100\color2\5\color1\4\snaps\20\authc\0\cl_guid\9DD0F7E8CA78018F45D28019F50BC450
  0:09 ClientUserinfoChanged: 3 n\ktoto?\t\3\r\2\tl\0\f0\\f1\\f2\\a0\255\a1\255\a2\255
  0:10 ClientUserinfo: 1 \ip\192.168.0.111:27960\name\rafal\racered\2\raceblue\2\rate\8000\ut_timenudge\0\cg_rgb\128 128 128\cg_physics\1\gear\fMIORAA\racefree\2\cl_time\#81$kZ6A6RK*|X9i\cg_ghost\0\cg_autoPickup\-1\sex\male\handicap\100\color2\5\color1\4\snaps\20\authc\0\cl_guid\17CB35F8398E5D1758D21B9DFCD5CC04\weapmodes\00000110220000020002000
  0:10 ClientUserinfoChanged: 1 n\rafal\t\3\r\2\tl\0\f0\\f1\\f2\\a0\255\a1\255\a2\255
  0:10 ClientBegin: 1
  0:11 ClientUserinfo: 2 \ip\192.168.0.115:27960\name\btr\racered\2\raceblue\2\rate\8000\ut_timenudge\0\cg_rgb\128 128 128\cg_physics\1\sex\male\handicap\100\color2\5\color1\4\snaps\20\cg_autoPickup\-1\cg_ghost\0\cl_time\L4EYc5q$rcjLH?K4\racefree\2\gear\GMJOWAA\authc\0\cl_guid\A6CA6C9E82762EE3FC2E13B463DDC101\weapmodes\00000110220000020002000
  0:11 ClientUserinfoChanged: 2 n\btr\t\2\r\2\tl\0\f0\\f1\\f2\\a0\0\a1\0\a2\255
  0:11 ClientSpawn: 2
  0:11 ClientBegin: 2
  0:12 ClientUserinfo: 1 \ip\192.168.0.111:27960\name\rafal\racered\2\raceblue\2\rate\8000\ut_timenudge\0\cg_rgb\128 128 128\cg_physics\1\gear\fMIORAA\racefree\2\cl_time\#81$kZ6A6RK*|X9i\cg_ghost\0\cg_autoPickup\-1\sex\male\handicap\100\color2\5\color1\4\snaps\20\authc\0\cl_guid\17CB35F8398E5D1758D21B9DFCD5CC04\weapmodes\00000110220000020002000
  0:12 ClientUserinfoChanged: 1 n\rafal\t\1\r\2\tl\0\f0\\f1\\f2\\a0\255\a1\0\a2\0
  0:12 ClientSpawn: 1
  0:12 ClientBegin: 1
  0:24 ------------------------------------------------------------
  0:24 InitRound: \sv_allowdownload\0\g_matchmode\0\g_gametype\7\sv_maxclients\12\sv_floodprotect\0\capturelimit\0\sv_hostname\New Unnamed Server\g_followstrict\0\fraglimit\0\timelimit\20\g_swaproles\0\g_roundtime\3\g_bombexplodetime\40\g_bombdefusetime\10\g_hotpotato\2\g_waverespawns\1\g_redwave\15\g_bluewave\15\g_respawndelay\8\g_suddendeath\1\g_maxrounds\0\g_friendlyfire\1\g_allowvote\0\g_armbands\1\g_funstuff\1\sv_clientsPerIp\0\sv_maxPing\0\sv_minPing\0\sv_maxRate\0\sv_minRate\0\version\ioQ3 1.35 urt 4.2.023 linux-x86_64 Jan 17 2015\dmflags\0\protocol\68\mapname\ut4_prague_v2\sv_privateClients\0\gamename\q3urt42\g_maxGameClients\0\g_needpass\0\g_enableDust\0\g_enableBreath\0\g_antilagvis\0\g_survivor\0\g_enablePrecip\0\g_deadchat\2\g_walljumps\3\g_stamina\0\g_skins\1\g_stratTime\0\auth\0\auth_status\off (local)\g_modversion\4.2.023\g_doWarmup\0
  0:24 ClientSpawn: 0
  0:24 ClientSpawn: 1
  0:24 ClientSpawn: 2
  0:27 ClientUserinfo: 3 \ip\192.168.26.13:27960\name\kto to?\racered\2\raceblue\2\rate\8000\ut_timenudge\0\cg_rgb\128 128 128\cg_physics\1\sex\male\handicap\100\color2\5\color1\4\snaps\20\cg_autoPickup\-1\cg_ghost\0\cl_time\e97#]4CA>?j1`?KD\racefree\2\gear\GMJOWAA\authc\0\cl_guid\9DD0F7E8CA78018F45D28019F50BC450\weapmodes\00000110220000020002000
  0:27 ClientUserinfoChanged: 3 n\ktoto?\t\3\r\2\tl\0\f0\\f1\\f2\\a0\255\a1\255\a2\255
  0:27 ClientBegin: 3
  0:28 ClientUserinfo: 3 \ip\192.168.26.13:27960\name\kto to?\racered\2\raceblue\2\rate\8000\ut_timenudge\0\cg_rgb\128 128 128\cg_physics\1\sex\male\handicap\100\color2\5\color1\4\snaps\20\cg_autoPickup\-1\cg_ghost\0\cl_time\e97#]4CA>?j1`?KD\racefree\2\gear\GMJOWAA\authc\0\cl_guid\9DD0F7E8CA78018F45D28019F50BC450\weapmodes\00000110220000020002000
  0:28 ClientUserinfoChanged: 3 n\ktoto?\t\2\r\2\tl\0\f0\\f1\\f2\\a0\0\a1\0\a2\255
  0:28 ClientSpawn: 3
  0:28 ClientBegin: 3
  0:38 Kill: 0 2 30: Krzyszti killed btr by UT_MOD_AK103
  0:42 Kill: 0 3 30: Krzyszti killed ktoto? by UT_MOD_AK103
  0:44 Item: 0 team_CTF_blueflag
  0:45 ClientSpawn: 2
  0:45 ClientSpawn: 3
  0:46 Item: 0 ut_weapon_deagle
  0:50 Kill: 2 1 20: btr killed rafal by UT_MOD_G36
  0:54 Item: 2 ut_weapon_g36
  0:56 Flag: 0 2: team_CTF_redflag
  0:56 FlagCaptureTime: 0: 12350
  0:59 Kill: 0 2 30: Krzyszti killed btr by UT_MOD_AK103
  1:00 ClientSpawn: 1
  1:00 ClientSpawn: 2
  1:01 Item: 0 ut_weapon_deagle
  1:09 Item: 0 ut_weapon_mp5k
  1:11 Kill: 1 3 20: rafal killed ktoto? by UT_MOD_G36
  1:14 Item: 0 team_CTF_blueflag
  1:15 ClientSpawn: 3
  1:16 Kill: 2 0 20: btr killed Krzyszti by UT_MOD_G36
  1:16 Flag: 0 0: team_CTF_blueflag
  1:18 Flag: 2 1: team_CTF_blueflag
  1:24 Kill: 1 2 20: rafal killed btr by UT_MOD_G36
  1:25 Kill: 1 3 20: rafal killed ktoto? by UT_MOD_G36
  1:27 Item: 1 ut_weapon_g36
  1:30 ClientSpawn: 3
  1:30 ClientSpawn: 2
  1:30 ClientSpawn: 0
  1:30 Item: 1 team_CTF_blueflag
  1:35 Kill: 3 1 20: ktoto? killed rafal by UT_MOD_G36
  1:35 Flag: 1 0: team_CTF_blueflag
  1:35 Flag: 3 1: team_CTF_blueflag
  1:36 Item: 3 ut_weapon_g36
  1:38 Item: 0 ut_weapon_ump45
  1:43 Item: 0 ut_weapon_ump45
  1:45 Item: 0 ut_weapon_deagle
  1:45 ClientSpawn: 1
  1:51 Item: 3 ut_weapon_ump45
  1:53 Kill: 2 1 20: btr killed rafal by UT_MOD_G36
  1:53 Item: 2 ut_weapon_g36
  1:54 Kill: 0 3 30: Krzyszti killed ktoto? by UT_MOD_AK103
  1:55 Item: 2 team_CTF_redflag
  1:56 Item: 0 team_CTF_blueflag
  1:56 Item: 0 ut_weapon_deagle
  2:00 ClientSpawn: 1
  2:00 ClientSpawn: 3
  2:04 Kill: 2 0 20: btr killed Krzyszti by UT_MOD_G36
  2:04 Flag: 0 0: team_CTF_blueflag
  2:05 Item: 3 ut_weapon_g36
  2:06 Item: 2 ut_weapon_deagle
  2:06 Flag: 2 1: team_CTF_blueflag
  2:08 Kill: 1 2 20: rafal killed btr by UT_MOD_G36
  2:08 Flag: 2 0: team_CTF_redflag
  2:09 Item: 3 team_CTF_redflag
  2:10 Item: 3 ut_weapon_g36
  2:12 Kill: 1 3 20: rafal killed ktoto? by UT_MOD_G36
  2:12 Flag: 3 0: team_CTF_redflag
  2:14 Flag: 1 1: team_CTF_redflag
  2:14 say: 0 Krzyszti: ifconfig
  2:15 ClientSpawn: 3
  2:15 ClientSpawn: 2
  2:15 ClientSpawn: 0
  2:18 Item: 1 team_CTF_blueflag
  2:19 Item: 2 ut_weapon_ump45
  2:20 Kill: 2 1 20: btr killed rafal by UT_MOD_G36
  2:20 Flag: 1 0: team_CTF_blueflag
  2:20 Flag: 2 1: team_CTF_blueflag
  2:21 Item: 2 ut_weapon_g36
  2:25 Item: 2 ut_weapon_g36
  2:30 ClientSpawn: 1
  2:32 Item: 2 team_CTF_redflag
  2:40 Item: 2 ut_weapon_deagle
  2:41 Item: 2 ut_weapon_ump45
  2:47 Flag: 2 2: team_CTF_blueflag
  2:47 FlagCaptureTime: 2: 14900
  2:51 Kill: 1 2 20: rafal killed btr by UT_MOD_G36
  2:53 Item: 1 team_CTF_blueflag
  3:00 ClientSpawn: 2
  3:02 Session data initialised for client on slot 0 at 230185
  3:02 ClientConnect: 4
  3:02 ClientUserinfo: 4 \ip\192.168.30.193:27960\challenge\-1056277839\qport\419\protocol\68\name\tpiDev\rate\8000\sex\male\handicap\100\color2\5\color1\4\snaps\20\authc\28592\authl\tpi\cl_guid\88DF9AEDC709B548FEB77A6B8D2EBF12
  3:02 ClientUserinfoChanged: 4 n\tpiDev\t\3\r\2\tl\0\f0\\f1\\f2\\a0\255\a1\255\a2\255
  3:12 Kill: 3 1 20: ktoto? killed rafal by UT_MOD_G36
  3:12 Flag: 1 0: team_CTF_blueflag
  3:13 Item: 3 ut_weapon_g36
  3:13 Flag: 3 1: team_CTF_blueflag
  3:15 ClientSpawn: 1
  3:16 Item: 3 team_CTF_redflag
  3:22 Kill: 1 2 20: rafal killed btr by UT_MOD_G36
  3:27 ClientUserinfo: 4 \ip\192.168.30.193:27960\name\tpiDev\racered\2\raceblue\2\rate\8000\ut_timenudge\0\cg_rgb\128 128 128\cg_physics\1\gear\GMIOWAA\racefree\2\cl_time\#81$kZ6@6R+*|X9i\cg_ghost\0\cg_autoPickup\-1\sex\male\handicap\100\color2\5\color1\4\snaps\20\authc\28592\authl\tpi\cl_guid\88DF9AEDC709B548FEB77A6B8D2EBF12\weapmodes\01000110120000010002000
  3:27 ClientUserinfoChanged: 4 n\tpiDev\t\3\r\2\tl\0\f0\\f1\\f2\\a0\255\a1\255\a2\255
  3:27 ClientBegin: 4
  3:29 ClientUserinfo: 4 \ip\192.168.30.193:27960\name\tpiDev\racered\2\raceblue\2\rate\8000\ut_timenudge\0\cg_rgb\128 128 128\cg_physics\1\gear\GMIOWAA\racefree\2\cl_time\#81$kZ6@6R+*|X9i\cg_ghost\0\cg_autoPickup\-1\sex\male\handicap\100\color2\5\color1\4\snaps\20\authc\28592\authl\tpi\cl_guid\88DF9AEDC709B548FEB77A6B8D2EBF12\weapmodes\01000110120000010002000
  3:29 ClientUserinfoChanged: 4 n\tpiDev\t\2\r\2\tl\0\f0\\f1\\f2\\a0\0\a1\0\a2\255
  3:29 ClientSpawn: 4
  3:29 ClientBegin: 4
  3:30 ClientSpawn: 2
  3:36 Kill: 2 1 20: btr killed rafal by UT_MOD_G36
  3:36 ShutdownGame:
  3:36 ------------------------------------------------------------
  0:00 ------------------------------------------------------------
  0:00 InitGame: \sv_allowdownload\0\g_matchmode\0\g_gametype\3\sv_maxclients\12\sv_floodprotect\0\capturelimit\0\sv_hostname\New Unnamed Server\g_followstrict\0\fraglimit\0\timelimit\20\g_swaproles\0\g_roundtime\3\g_bombexplodetime\40\g_bombdefusetime\10\g_hotpotato\2\g_waverespawns\1\g_redwave\15\g_bluewave\15\g_respawndelay\8\g_suddendeath\1\g_maxrounds\0\g_friendlyfire\0\g_allowvote\0\g_armbands\1\g_funstuff\1\sv_clientsPerIp\0\sv_maxPing\0\sv_minPing\0\sv_maxRate\0\sv_minRate\0\dmflags\0\g_maxGameClients\0\g_deadchat\2\g_walljumps\3\g_stamina\0\g_skins\1\g_stratTime\0\version\ioQ3 1.35 urt 4.2.023 linux-x86_64 Jan 17 2015\protocol\68\mapname\ut4_dressingroom\sv_privateClients\0\gamename\q3urt42\g_needpass\0\g_enableDust\0\g_enableBreath\0\g_antilagvis\0\g_survivor\0\g_enablePrecip\0\auth\0\auth_status\init\g_modversion\4.2.023
  0:00 Warmup:
  0:00 Session data initialised for client on slot 0 at 68025
  0:00 ClientConnect: 0
  0:00 ClientUserinfo: 0 \ip\localhost\challenge\0\qport\233\protocol\68\name\Krzyszti\rate\8000\g_gametype\3\sex\male\handicap\100\color2\5\color1\4\snaps\20\authc\0\cl_guid\D48BF497957575233A618B87CC14A018
  0:00 ClientUserinfoChanged: 0 n\Krzyszti\t\3\r\2\tl\0\f0\\f1\\f2\\a0\255\a1\255\a2\255
  0:00 Session data initialised for client on slot 0 at 68037
  0:00 ClientConnect: 1
  0:00 ClientUserinfo: 1 \ip\192.168.0.111:27960\challenge\885936007\qport\476\protocol\68\name\rafal\rate\8000\snaps\20\color1\4\color2\5\handicap\100\sex\male\authc\0\cl_guid\17CB35F8398E5D1758D21B9DFCD5CC04
  0:00 ClientUserinfoChanged: 1 n\rafal\t\3\r\2\tl\0\f0\\f1\\f2\\a0\255\a1\255\a2\255
  0:00 Session data initialised for client on slot 0 at 68038
  0:00 ClientConnect: 2
  0:00 ClientUserinfo: 2 \ip\192.168.0.115:27960\challenge\-421046360\qport\978\protocol\68\name\btr\rate\8000\sex\male\handicap\100\color2\5\color1\4\snaps\20\authc\0\cl_guid\A6CA6C9E82762EE3FC2E13B463DDC101
  0:00 ClientUserinfoChanged: 2 n\btr\t\3\r\2\tl\0\f0\\f1\\f2\\a0\255\a1\255\a2\255
  0:00 Session data initialised for client on slot 0 at 68059
  0:00 ClientConnect: 3
  0:00 ClientUserinfo: 3 \ip\192.168.1.209:27960\challenge\-1552020617\qport\578\protocol\68\name\tpiDev\rate\8000\sex\male\handicap\100\color2\5\color1\4\snaps\20\authc\13043\authl\tpi\cl_guid\88DF9AEDC709B548FEB77A6B8D2EBF12
  0:00 ClientUserinfoChanged: 3 n\tpiDev\t\3\r\2\tl\0\f0\\f1\\f2\\a0\255\a1\255\a2\255
  0:00 ClientUserinfo: 2 \ip\192.168.0.115:27960\name\btr\racered\2\raceblue\2\rate\8000\ut_timenudge\0\cg_rgb\128 128 128\cg_physics\1\sex\male\handicap\100\color2\5\color1\4\snaps\20\cg_autoPickup\-1\cg_ghost\0\cl_time\ae#+faiA1KE3ZyMk\racefree\2\gear\GMJOWAA\authc\0\cl_guid\A6CA6C9E82762EE3FC2E13B463DDC101\weapmodes\00000110220000020002000
  0:00 ClientUserinfoChanged: 2 n\btr\t\3\r\2\tl\0\f0\\f1\\f2\\a0\255\a1\255\a2\255
  0:00 ClientBegin: 2
  0:00 ClientUserinfo: 0 \ip\localhost\name\Krzyszti\racered\2\raceblue\2\rate\8000\ut_timenudge\0\cg_rgb\128 128 128\cg_physics\1\g_gametype\3\gear\GaAORWA\racefree\2\cl_time\@$4h]CE@G?5Kx1T<\cg_ghost\0\cg_autoPickup\-1\sex\male\handicap\100\color2\5\color1\4\snaps\20\authc\0\cl_guid\D48BF497957575233A618B87CC14A018\weapmodes\00000110220000010002000
  0:00 ClientUserinfoChanged: 0 n\Krzyszti\t\3\r\2\tl\0\f0\\f1\\f2\\a0\255\a1\255\a2\255
  0:00 ClientBegin: 0
  0:02 ClientUserinfo: 2 \ip\192.168.0.115:27960\name\btr\racered\2\raceblue\2\rate\8000\ut_timenudge\0\cg_rgb\128 128 128\cg_physics\1\sex\male\handicap\100\color2\5\color1\4\snaps\20\cg_autoPickup\-1\cg_ghost\0\cl_time\ae#+faiA1KE3ZyMk\racefree\2\gear\GMJOWAA\authc\0\cl_guid\A6CA6C9E82762EE3FC2E13B463DDC101\weapmodes\00000110220000020002000
  0:02 ClientUserinfoChanged: 2 n\btr\t\1\r\2\tl\0\f0\\f1\\f2\\a0\255\a1\0\a2\0
  0:02 ClientSpawn: 2
  0:02 ClientBegin: 2
  0:02 ClientUserinfo: 1 \ip\192.168.0.111:27960\name\rafal\racered\2\raceblue\2\rate\8000\ut_timenudge\0\cg_rgb\128 128 128\cg_physics\1\snaps\20\color1\4\color2\5\handicap\100\sex\male\cg_autoPickup\-1\cg_ghost\0\cl_time\Z4L`<GK4a=fr=&]1\racefree\2\gear\fMIOWAA\authc\0\cl_guid\17CB35F8398E5D1758D21B9DFCD5CC04\weapmodes\00000110220000020002000
  0:02 ClientUserinfoChanged: 1 n\rafal\t\3\r\2\tl\0\f0\\f1\\f2\\a0\255\a1\255\a2\255
  0:02 ClientBegin: 1
  0:04 ClientUserinfo: 1 \ip\192.168.0.111:27960\name\rafal\racered\2\raceblue\2\rate\8000\ut_timenudge\0\cg_rgb\128 128 128\cg_physics\1\snaps\20\color1\4\color2\5\handicap\100\sex\male\cg_autoPickup\-1\cg_ghost\0\cl_time\Z4L`<GK4a=fr=&]1\racefree\2\gear\fMIOWAA\authc\0\cl_guid\17CB35F8398E5D1758D21B9DFCD5CC04\weapmodes\00000110220000020002000
  0:04 ClientUserinfoChanged: 1 n\rafal\t\2\r\2\tl\0\f0\\f1\\f2\\a0\0\a1\0\a2\255
  0:04 ClientSpawn: 1
  0:04 ClientBegin: 1
  0:08 ClientUserinfo: 0 \ip\localhost\name\Krzyszti\racered\2\raceblue\2\rate\8000\ut_timenudge\0\cg_rgb\128 128 128\cg_physics\1\g_gametype\3\gear\GaAORWA\racefree\2\cl_time\@$4h]CE@G?5Kx1T<\cg_ghost\0\cg_autoPickup\-1\sex\male\handicap\100\color2\5\color1\4\snaps\20\authc\0\cl_guid\D48BF497957575233A618B87CC14A018\weapmodes\00000110220000010002000
  0:08 ClientUserinfoChanged: 0 n\Krzyszti\t\2\r\2\tl\0\f0\\f1\\f2\\a0\0\a1\0\a2\255
  0:08 ClientSpawn: 0
  0:08 ClientBegin: 0
  0:16 ClientUserinfo: 3 \ip\192.168.1.209:27960\name\tpiDev\racered\2\raceblue\2\rate\8000\ut_timenudge\0\cg_rgb\128 128 128\cg_physics\1\gear\GMIOWAA\racefree\2\cl_time\]&5xriL$LDjRH??H\cg_ghost\0\cg_autoPickup\-1\sex\male\handicap\100\color2\5\color1\4\snaps\20\authc\13043\authl\tpi\cl_guid\88DF9AEDC709B548FEB77A6B8D2EBF12\weapmodes\01000110120000010002000
  0:16 ClientUserinfoChanged: 3 n\tpiDev\t\3\r\2\tl\0\f0\\f1\\f2\\a0\255\a1\255\a2\255
  0:16 ClientBegin: 3
  0:17 ------------------------------------------------------------
  0:17 InitRound: \sv_allowdownload\0\g_matchmode\0\g_gametype\3\sv_maxclients\12\sv_floodprotect\0\capturelimit\0\sv_hostname\New Unnamed Server\g_followstrict\0\fraglimit\0\timelimit\20\g_swaproles\0\g_roundtime\3\g_bombexplodetime\40\g_bombdefusetime\10\g_hotpotato\2\g_waverespawns\1\g_redwave\15\g_bluewave\15\g_respawndelay\8\g_suddendeath\1\g_maxrounds\0\g_friendlyfire\0\g_allowvote\0\g_armbands\1\g_funstuff\1\sv_clientsPerIp\0\sv_maxPing\0\sv_minPing\0\sv_maxRate\0\sv_minRate\0\dmflags\0\g_maxGameClients\0\g_deadchat\2\g_walljumps\3\g_stamina\0\g_skins\1\g_stratTime\0\version\ioQ3 1.35 urt 4.2.023 linux-x86_64 Jan 17 2015\protocol\68\mapname\ut4_dressingroom\sv_privateClients\0\gamename\q3urt42\g_needpass\0\g_enableDust\0\g_enableBreath\0\g_antilagvis\0\g_survivor\0\g_enablePrecip\0\auth\0\auth_status\off (local)\g_modversion\4.2.023\g_doWarmup\0
  0:17 ClientSpawn: 0
  0:17 ClientSpawn: 1
  0:17 ClientSpawn: 2
  0:22 Kill: 2 1 20: btr killed rafal by UT_MOD_G36
  0:30 ClientSpawn: 1
  0:31 ClientUserinfo: 3 \ip\192.168.1.209:27960\name\tpiDev\racered\2\raceblue\2\rate\8000\ut_timenudge\0\cg_rgb\128 128 128\cg_physics\1\gear\GMIOWAA\racefree\2\cl_time\YgTbA>&[1FjX5yDE\cg_ghost\0\cg_autoPickup\-1\sex\male\handicap\100\color2\5\color1\4\snaps\20\authc\13043\authl\tpi\cl_guid\88DF9AEDC709B548FEB77A6B8D2EBF12\weapmodes\01000110120000010002000
  0:31 ClientUserinfoChanged: 3 n\tpiDev\t\3\r\2\tl\0\f0\\f1\\f2\\a0\255\a1\255\a2\255
  0:32 Item: 1 ut_weapon_mp5k
  0:32 Item: 1 ut_weapon_g36
  0:32 ClientUserinfo: 3 \ip\192.168.1.209:27960\name\tpiDev\racered\2\raceblue\2\rate\8000\ut_timenudge\0\cg_rgb\128 128 128\cg_physics\1\gear\GMIOWAA\racefree\2\cl_time\YgTbA>&[1FjX5yDE\cg_ghost\0\cg_autoPickup\-1\sex\male\handicap\100\color2\5\color1\4\snaps\20\authc\13043\authl\tpi\cl_guid\88DF9AEDC709B548FEB77A6B8D2EBF12\weapmodes\01000110120000010002000
  0:32 ClientUserinfoChanged: 3 n\tpiDev\t\1\r\2\tl\0\f0\\f1\\f2\\a0\255\a1\0\a2\0
  0:32 ClientSpawn: 3
  0:32 ClientBegin: 3
  0:33 Kill: 2 1 20: btr killed rafal by UT_MOD_G36
  0:36 Item: 2 ut_weapon_g36
  0:38 Kill: 0 2 30: Krzyszti killed btr by UT_MOD_AK103
  0:39 Item: 0 ut_weapon_mp5k
  0:45 ClientSpawn: 2
  0:45 ClientSpawn: 1
  0:48 Item: 1 ut_weapon_glock
  0:49 Item: 1 ut_weapon_glock
  0:52 Kill: 3 0 20: tpiDev killed Krzyszti by UT_MOD_G36
  0:55 Kill: 2 1 20: btr killed rafal by UT_MOD_G36
  1:00 ClientSpawn: 0
  1:00 ClientSpawn: 1
  1:03 Kill: 0 2 30: Krzyszti killed btr by UT_MOD_AK103
  1:04 Item: 0 ut_weapon_deagle
  1:06 Item: 1 ut_weapon_g36
  1:10 Kill: 0 3 30: Krzyszti killed tpiDev by UT_MOD_AK103
  1:15 ClientSpawn: 3
  1:15 ClientSpawn: 2
  1:21 Item: 3 ut_weapon_deagle
  1:22 Item: 3 ut_weapon_mp5k
  1:22 Item: 3 ut_weapon_g36
  1:22 Kill: 0 2 30: Krzyszti killed btr by UT_MOD_AK103
  1:23 Item: 3 ut_weapon_g36
  1:25 Item: 3 ut_weapon_deagle
  1:28 Item: 0 ut_weapon_ump45
  1:28 Kill: 3 0 18: tpiDev killed Krzyszti by UT_MOD_MP5K
  1:29 Item: 3 ut_weapon_deagle
  1:30 ClientSpawn: 0
  1:30 ClientSpawn: 2
  1:30 Kill: 3 1 18: tpiDev killed rafal by UT_MOD_MP5K
  1:38 Kill: 0 2 30: Krzyszti killed btr by UT_MOD_AK103
  1:40 Item: 0 ut_weapon_ump45
  1:43 Kill: 0 3 30: Krzyszti killed tpiDev by UT_MOD_AK103
  1:45 ClientSpawn: 3
  1:45 ClientSpawn: 2
  1:45 ClientSpawn: 1
  1:49 Kill: 3 1 20: tpiDev killed rafal by UT_MOD_G36
  1:51 Kill: 0 2 30: Krzyszti killed btr by UT_MOD_AK103
  1:56 Kill: 3 0 20: tpiDev killed Krzyszti by UT_MOD_G36
  2:00 ClientSpawn: 0
  2:00 ClientSpawn: 2
  2:00 ClientSpawn: 1
  2:02 Item: 1 ut_weapon_glock
  2:02 Item: 1 ut_weapon_mp5k
  2:02 Item: 1 ut_weapon_g36
  2:04 Kill: 0 3 30: Krzyszti killed tpiDev by UT_MOD_AK103
  2:06 Item: 0 ut_weapon_mp5k
  2:10 Kill: 1 2 23: rafal killed btr by UT_MOD_BLED
  2:11 Item: 1 ut_weapon_g36
  2:15 ClientSpawn: 3
  2:15 ClientSpawn: 2
  2:24 Kill: 3 0 20: tpiDev killed Krzyszti by UT_MOD_G36
  2:25 Kill: 1 3 20: rafal killed tpiDev by UT_MOD_G36
  2:25 Item: 2 ut_weapon_deagle
  2:25 ShutdownGame:
  2:25 ------------------------------------------------------------
  0:00 ------------------------------------------------------------
  0:00 InitGame: \sv_allowdownload\0\g_matchmode\0\g_gametype\3\sv_maxclients\12\sv_floodprotect\0\capturelimit\0\sv_hostname\New Unnamed Server\g_followstrict\0\fraglimit\0\timelimit\20\g_swaproles\0\g_roundtime\3\g_bombexplodetime\40\g_bombdefusetime\10\g_hotpotato\2\g_waverespawns\0\g_redwave\15\g_bluewave\15\g_respawndelay\5\g_suddendeath\1\g_maxrounds\0\g_friendlyfire\0\g_allowvote\0\g_armbands\1\g_funstuff\1\g_stratTime\0\g_skins\1\g_stamina\0\g_walljumps\3\g_deadchat\2\g_maxGameClients\0\dmflags\0\sv_minRate\0\sv_maxRate\0\sv_minPing\0\sv_maxPing\0\sv_clientsPerIp\0\version\ioQ3 1.35 urt 4.2.023 linux-x86_64 Jan 17 2015\protocol\68\mapname\ut4_dressingroom\sv_privateClients\0\gamename\q3urt42\g_needpass\0\g_enableDust\0\g_enableBreath\0\g_antilagvis\0\g_survivor\0\g_enablePrecip\0\auth\0\auth_status\init\g_modversion\4.2.023
  0:00 Warmup:
  0:00 Session data initialised for client on slot 0 at 28538
  0:00 ClientConnect: 0
  0:00 ClientUserinfo: 0 \ip\localhost\challenge\0\qport\50\protocol\68\name\Krzyszti\rate\8000\g_gametype\3\snaps\20\color1\4\color2\5\handicap\100\sex\male\authc\0\cl_guid\D48BF497957575233A618B87CC14A018
  0:00 ClientUserinfoChanged: 0 n\Krzyszti\t\3\r\2\tl\0\f0\\f1\\f2\\a0\255\a1\255\a2\255
  0:00 Session data initialised for client on slot 0 at 28545
  0:00 ClientConnect: 1
  0:00 ClientUserinfo: 1 \ip\192.168.0.111:27960\challenge\-872586543\qport\476\protocol\68\name\rafal\racered\2\raceblue\2\rate\8000\ut_timenudge\0\cg_rgb\128 128 128\cg_physics\1\snaps\20\color1\4\color2\5\handicap\100\sex\male\cg_autoPickup\-1\cg_ghost\0\cl_time\Z4L`<GK4a=fr=&]1\racefree\2\gear\fMIOWAA\authc\0\cl_guid\17CB35F8398E5D1758D21B9DFCD5CC04\weapmodes\00000110220000020002000
  0:00 ClientUserinfoChanged: 1 n\rafal\t\3\r\2\tl\0\f0\\f1\\f2\\a0\255\a1\255\a2\255
  0:00 Session data initialised for client on slot 0 at 28546
  0:00 ClientConnect: 2
  0:00 ClientUserinfo: 2 \ip\192.168.0.115:27960\challenge\-1969724239\qport\978\protocol\68\name\btr\racered\2\raceblue\2\rate\8000\ut_timenudge\0\cg_rgb\128 128 128\cg_physics\1\sex\male\handicap\100\color2\5\color1\4\snaps\20\cg_autoPickup\-1\cg_ghost\0\cl_time\ae#+faiA1KE3ZyMk\racefree\2\gear\GMJOWAA\authc\0\cl_guid\A6CA6C9E82762EE3FC2E13B463DDC101\weapmodes\00000110220000020002000
  0:00 ClientUserinfoChanged: 2 n\btr\t\3\r\2\tl\0\f0\\f1\\f2\\a0\255\a1\255\a2\255
  0:00 Session data initialised for client on slot 0 at 28546
  0:00 ClientConnect: 3
  0:00 ClientUserinfo: 3 \ip\192.168.1.209:27960\challenge\-1244228832\qport\578\protocol\68\name\tpiDev\racered\2\raceblue\2\rate\8000\ut_timenudge\0\cg_rgb\128 128 128\cg_physics\1\gear\GMIOWAA\racefree\2\cl_time\YgTbA>&[1FjX5yDE\cg_ghost\0\cg_autoPickup\-1\sex\male\handicap\100\color2\5\color1\4\snaps\20\authc\13043\authl\tpi\cl_guid\88DF9AEDC709B548FEB77A6B8D2EBF12\weapmodes\01000110120000010002000
  0:00 ClientUserinfoChanged: 3 n\tpiDev\t\3\r\2\tl\0\f0\\f1\\f2\\a0\255\a1\255\a2\255
  0:00 ClientUserinfo: 2 \ip\192.168.0.115:27960\name\btr\racered\2\raceblue\2\rate\8000\ut_timenudge\0\cg_rgb\128 128 128\cg_physics\1\sex\male\handicap\100\color2\5\color1\4\snaps\20\cg_autoPickup\-1\cg_ghost\0\cl_time\$F$O$]K@_D9hM&gW\racefree\2\gear\GMJOWAA\authc\0\cl_guid\A6CA6C9E82762EE3FC2E13B463DDC101\weapmodes\00000110220000020002000
  0:00 ClientUserinfoChanged: 2 n\btr\t\3\r\2\tl\0\f0\\f1\\f2\\a0\255\a1\255\a2\255
  0:00 ClientBegin: 2
  0:00 ClientUserinfo: 0 \ip\localhost\name\Krzyszti\racered\2\raceblue\2\rate\8000\ut_timenudge\0\cg_rgb\128 128 128\cg_physics\1\g_gametype\3\snaps\20\color1\4\color2\5\handicap\100\sex\male\cg_autoPickup\-1\cg_ghost\0\cl_time\[gCy(FqVTcEX|yD<\racefree\2\gear\GaAORWA\authc\0\cl_guid\D48BF497957575233A618B87CC14A018\weapmodes\00000110220000010002000
  0:00 ClientUserinfoChanged: 0 n\Krzyszti\t\3\r\2\tl\0\f0\\f1\\f2\\a0\255\a1\255\a2\255
  0:00 ClientBegin: 0
  0:01 ClientUserinfo: 1 \ip\192.168.0.111:27960\name\rafal\racered\2\raceblue\2\rate\8000\ut_timenudge\0\cg_rgb\128 128 128\cg_physics\1\snaps\20\color1\4\color2\5\handicap\100\sex\male\cg_autoPickup\-1\cg_ghost\0\cl_time\LE2Q=hX4TRz1D1y]\racefree\2\gear\fMIOWAA\authc\0\cl_guid\17CB35F8398E5D1758D21B9DFCD5CC04\weapmodes\00000110220000020002000
  0:01 ClientUserinfoChanged: 1 n\rafal\t\3\r\2\tl\0\f0\\f1\\f2\\a0\255\a1\255\a2\255
  0:01 ClientBegin: 1
  0:02 ClientUserinfo: 2 \ip\192.168.0.115:27960\name\btr\racered\2\raceblue\2\rate\8000\ut_timenudge\0\cg_rgb\128 128 128\cg_physics\1\sex\male\handicap\100\color2\5\color1\4\snaps\20\cg_autoPickup\-1\cg_ghost\0\cl_time\$F$O$]K@_D9hM&gW\racefree\2\gear\GMJOWAA\authc\0\cl_guid\A6CA6C9E82762EE3FC2E13B463DDC101\weapmodes\00000110220000020002000
  0:02 ClientUserinfoChanged: 2 n\btr\t\2\r\2\tl\0\f0\\f1\\f2\\a0\0\a1\0\a2\255
  0:02 ClientSpawn: 2
  0:02 ClientBegin: 2
  0:03 ClientUserinfo: 3 \ip\192.168.1.209:27960\name\tpiDev\racered\2\raceblue\2\rate\8000\ut_timenudge\0\cg_rgb\128 128 128\cg_physics\1\gear\GMIOWAA\racefree\2\cl_time\[xMCcY1@q|E[]yHT\cg_ghost\0\cg_autoPickup\-1\sex\male\handicap\100\color2\5\color1\4\snaps\20\authc\13043\authl\tpi\cl_guid\88DF9AEDC709B548FEB77A6B8D2EBF12\weapmodes\01000110120000010002000
  0:03 ClientUserinfoChanged: 3 n\tpiDev\t\3\r\2\tl\0\f0\\f1\\f2\\a0\255\a1\255\a2\255
  0:03 ClientBegin: 3
  0:04 ClientUserinfo: 0 \ip\localhost\name\Krzyszti\racered\2\raceblue\2\rate\8000\ut_timenudge\0\cg_rgb\128 128 128\cg_physics\1\g_gametype\3\snaps\20\color1\4\color2\5\handicap\100\sex\male\cg_autoPickup\-1\cg_ghost\0\cl_time\[gCy(FqVTcEX|yD<\racefree\2\gear\GaAORWA\authc\0\cl_guid\D48BF497957575233A618B87CC14A018\weapmodes\00000110220000010002000
  0:04 ClientUserinfoChanged: 0 n\Krzyszti\t\1\r\2\tl\0\f0\\f1\\f2\\a0\255\a1\0\a2\0
  0:04 ClientSpawn: 0
  0:04 ClientBegin: 0
  0:05 ClientUserinfo: 3 \ip\192.168.1.209:27960\name\tpiDev\racered\2\raceblue\2\rate\8000\ut_timenudge\0\cg_rgb\128 128 128\cg_physics\1\gear\GMIOWAA\racefree\2\cl_time\[xMCcY1@q|E[]yHT\cg_ghost\0\cg_autoPickup\-1\sex\male\handicap\100\color2\5\color1\4\snaps\20\authc\13043\authl\tpi\cl_guid\88DF9AEDC709B548FEB77A6B8D2EBF12\weapmodes\01000110120000010002000
  0:05 ClientUserinfoChanged: 3 n\tpiDev\t\2\r\2\tl\0\f0\\f1\\f2\\a0\0\a1\0\a2\255
  0:05 ClientSpawn: 3
  0:05 ClientBegin: 3
  0:06 ClientUserinfo: 1 \ip\192.168.0.111:27960\name\rafal\racered\2\raceblue\2\rate\8000\ut_timenudge\0\cg_rgb\128 128 128\cg_physics\1\snaps\20\color1\4\color2\5\handicap\100\sex\male\cg_autoPickup\-1\cg_ghost\0\cl_time\LE2Q=hX4TRz1D1y]\racefree\2\gear\fMIOWAA\authc\0\cl_guid\17CB35F8398E5D1758D21B9DFCD5CC04\weapmodes\00000110220000020002000
  0:06 ClientUserinfoChanged: 1 n\rafal\t\1\r\2\tl\0\f0\\f1\\f2\\a0\255\a1\0\a2\0
  0:06 ClientSpawn: 1
  0:06 ClientBegin: 1
  0:17 ------------------------------------------------------------
  0:17 InitRound: \sv_allowdownload\0\g_matchmode\0\g_gametype\3\sv_maxclients\12\sv_floodprotect\0\capturelimit\0\sv_hostname\New Unnamed Server\g_followstrict\0\fraglimit\0\timelimit\20\g_swaproles\0\g_roundtime\3\g_bombexplodetime\40\g_bombdefusetime\10\g_hotpotato\2\g_waverespawns\0\g_redwave\15\g_bluewave\15\g_respawndelay\5\g_suddendeath\1\g_maxrounds\0\g_friendlyfire\0\g_allowvote\0\g_armbands\1\g_funstuff\1\g_stratTime\0\g_skins\1\g_stamina\0\g_walljumps\3\g_deadchat\2\g_maxGameClients\0\dmflags\0\sv_minRate\0\sv_maxRate\0\sv_minPing\0\sv_maxPing\0\sv_clientsPerIp\0\version\ioQ3 1.35 urt 4.2.023 linux-x86_64 Jan 17 2015\protocol\68\mapname\ut4_dressingroom\sv_privateClients\0\gamename\q3urt42\g_needpass\0\g_enableDust\0\g_enableBreath\0\g_antilagvis\0\g_survivor\0\g_enablePrecip\0\auth\0\auth_status\off (local)\g_modversion\4.2.023\g_doWarmup\0
  0:17 ClientSpawn: 0
  0:17 ClientSpawn: 1
  0:17 ClientSpawn: 2
  0:17 ClientSpawn: 3
  0:22 Kill: 3 1 20: tpiDev killed rafal by UT_MOD_G36
  0:26 Kill: 2 0 20: btr killed Krzyszti by UT_MOD_G36
  0:28 ClientSpawn: 1
  0:29 Item: 2 ut_weapon_deagle
  0:31 Kill: 1 2 20: rafal killed btr by UT_MOD_G36
  0:31 ClientSpawn: 0
  0:33 Item: 1 ut_weapon_g36
  0:36 ClientSpawn: 2
  0:40 Kill: 3 0 20: tpiDev killed Krzyszti by UT_MOD_G36
  0:41 Kill: 2 1 20: btr killed rafal by UT_MOD_G36
  0:45 ClientSpawn: 0
  0:46 ClientSpawn: 1
  0:49 Item: 0 ut_weapon_ump45
  0:49 Item: 0 ut_weapon_deagle
  0:51 Kill: 0 2 30: Krzyszti killed btr by UT_MOD_AK103
  0:54 Kill: 0 3 30: Krzyszti killed tpiDev by UT_MOD_AK103
  0:56 ClientSpawn: 2
  0:56 Item: 0 ut_weapon_deagle
  0:59 ClientSpawn: 3
  1:05 Kill: 2 1 20: btr killed rafal by UT_MOD_G36
  1:06 Kill: 0 2 30: Krzyszti killed btr by UT_MOD_AK103
  1:10 ClientSpawn: 1
  1:11 ClientSpawn: 2
  1:15 Kill: 1 3 20: rafal killed tpiDev by UT_MOD_G36
  1:19 Item: 2 ut_weapon_g36
  1:19 Kill: 2 0 20: btr killed Krzyszti by UT_MOD_G36
  1:20 ClientSpawn: 3
  1:23 Kill: 2 1 20: btr killed rafal by UT_MOD_G36
  1:24 ClientSpawn: 0
  1:25 Item: 3 ut_weapon_deagle
  1:28 Item: 0 ut_weapon_mp5k
  1:28 ClientSpawn: 1
  1:30 Kill: 0 3 30: Krzyszti killed tpiDev by UT_MOD_AK103
  1:35 ClientSpawn: 3
  1:35 Kill: 2 0 20: btr killed Krzyszti by UT_MOD_G36
  1:37 Item: 3 ut_weapon_mp5k
  1:37 Kill: 1 2 20: rafal killed btr by UT_MOD_G36
  1:37 Item: 3 ut_weapon_deagle
  1:39 Item: 1 ut_weapon_mp5k
  1:40 ClientSpawn: 0
  1:42 ClientSpawn: 2
  1:43 Kill: 3 1 20: tpiDev killed rafal by UT_MOD_G36
  1:45 Item: 3 ut_weapon_g36
  1:49 ClientSpawn: 1
  1:52 Kill: 0 2 30: Krzyszti killed btr by UT_MOD_AK103
  1:57 ClientSpawn: 2
  1:58 Kill: 3 1 20: tpiDev killed rafal by UT_MOD_G36
  2:01 Kill: 0 3 30: Krzyszti killed tpiDev by UT_MOD_AK103
  2:01 Item: 0 ut_weapon_deagle
  2:01 Item: 0 ut_weapon_mp5k
  2:03 ClientSpawn: 1
  2:04 Item: 2 ut_weapon_deagle
  2:06 ClientSpawn: 3
  2:06 Item: 2 ut_weapon_ump45
  2:07 Kill: 2 1 20: btr killed rafal by UT_MOD_G36
  2:08 Item: 2 ut_weapon_g36
  2:10 Item: 3 ut_weapon_g36
  2:11 Kill: 0 3 18: Krzyszti killed tpiDev by UT_MOD_MP5K
  2:12 ClientSpawn: 1
  2:15 Item: 1 ut_weapon_mp5k
  2:15 Item: 1 ut_weapon_glock
  2:16 ClientSpawn: 3
  2:18 Kill: 2 1 20: btr killed rafal by UT_MOD_G36
  2:21 Item: 3 ut_weapon_deagle
  2:21 Item: 3 ut_weapon_mp5k
  2:21 Item: 3 ut_weapon_g36
  2:22 Kill: 0 2 30: Krzyszti killed btr by UT_MOD_AK103
  2:24 ClientSpawn: 1
  2:27 ClientSpawn: 2
  2:29 Item: 3 ut_weapon_grenade_he
  2:30 Item: 1 ut_weapon_mp5k
  2:30 Kill: 0 3 30: Krzyszti killed tpiDev by UT_MOD_AK103
  2:32 Kill: 2 0 20: btr killed Krzyszti by UT_MOD_G36
  2:34 Item: 1 ut_weapon_g36
  2:35 Item: 1 ut_weapon_glock
  2:35 ClientSpawn: 3
  2:37 ClientSpawn: 0
  2:39 Item: 3 ut_weapon_mp5k
  2:39 Item: 3 ut_weapon_deagle
  2:39 Item: 3 ut_weapon_g36
  2:41 Kill: 0 2 30: Krzyszti killed btr by UT_MOD_AK103
  2:46 ClientSpawn: 2
  2:47 Kill: 3 1 20: tpiDev killed rafal by UT_MOD_G36
  2:52 ClientSpawn: 1
  2:52 Kill: 0 3 30: Krzyszti killed tpiDev by UT_MOD_AK103
  2:54 Kill: 0 2 30: Krzyszti killed btr by UT_MOD_AK103
  2:57 ClientSpawn: 3
  2:59 ClientSpawn: 2
  3:01 Kill: 0 3 30: Krzyszti killed tpiDev by UT_MOD_AK103
  3:02 Item: 0 ut_weapon_deagle
  3:06 ClientSpawn: 3
  3:08 Item: 2 ut_weapon_g36
  3:09 Kill: 0 2 30: Krzyszti killed btr by UT_MOD_AK103
  3:10 Item: 0 ut_weapon_mp5k
  3:10 Kill: 3 1 20: tpiDev killed rafal by UT_MOD_G36
  3:10 Item: 0 ut_weapon_deagle
  3:10 Item: 0 ut_weapon_deagle
  3:13 Kill: 3 0 18: tpiDev killed Krzyszti by UT_MOD_MP5K
  3:14 ClientSpawn: 2
  3:15 ClientSpawn: 1
  3:18 ClientSpawn: 0
  3:21 Item: 3 ut_weapon_g36
  3:21 Item: 3 ut_weapon_deagle
  3:23 Kill: 3 1 20: tpiDev killed rafal by UT_MOD_G36
  3:25 Kill: 0 2 30: Krzyszti killed btr by UT_MOD_AK103
  3:27 Item: 0 ut_weapon_ump45
  3:28 ClientSpawn: 1
  3:31 ClientSpawn: 2
  3:32 Kill: 3 0 18: tpiDev killed Krzyszti by UT_MOD_MP5K
  3:36 Kill: 2 1 20: btr killed rafal by UT_MOD_G36
  3:37 ClientSpawn: 0
  3:41 ClientSpawn: 1
  3:46 Kill: 3 0 20: tpiDev killed Krzyszti by UT_MOD_G36
  3:46 Kill: 1 2 20: rafal killed btr by UT_MOD_G36
  3:51 ClientSpawn: 0
  3:52 ClientSpawn: 2
  3:56 Kill: 3 1 18: tpiDev killed rafal by UT_MOD_MP5K
  3:56 Kill: 0 3 30: Krzyszti killed tpiDev by UT_MOD_AK103
  4:00 Kill: 0 2 30: Krzyszti killed btr by UT_MOD_AK103
  4:01 ClientSpawn: 1
  4:01 ClientSpawn: 3
  4:05 ClientSpawn: 2
  4:09 Kill: 0 2 30: Krzyszti killed btr by UT_MOD_AK103
  4:13 Kill: 3 1 20: tpiDev killed rafal by UT_MOD_G36
  4:14 ClientSpawn: 2
  4:15 Kill: 0 3 30: Krzyszti killed tpiDev by UT_MOD_AK103
  4:18 ClientSpawn: 1
  4:18 Item: 2 ut_weapon_ump45
  4:19 Item: 2 ut_weapon_deagle
  4:19 Item: 2 ut_weapon_g36
  4:20 ClientSpawn: 3
  4:25 Kill: 0 2 15: Krzyszti killed btr by UT_MOD_DEAGLE
  4:28 Kill: 0 3 15: Krzyszti killed tpiDev by UT_MOD_DEAGLE
  4:30 ClientSpawn: 2
  4:33 ClientSpawn: 3
  4:35 Kill: 1 2 20: rafal killed btr by UT_MOD_G36
  4:36 Item: 3 ut_weapon_deagle
  4:36 Item: 3 ut_weapon_mp5k
  4:36 Item: 3 ut_weapon_g36
  4:40 ClientSpawn: 2
  4:40 Kill: 1 3 20: rafal killed tpiDev by UT_MOD_G36
  4:45 ClientSpawn: 3
  4:48 Kill: 3 0 20: tpiDev killed Krzyszti by UT_MOD_G36
  4:48 Item: 3 ut_weapon_deagle
  4:50 Kill: 2 1 20: btr killed rafal by UT_MOD_G36
  4:50 Item: 3 ut_weapon_mp5k
  4:51 Item: 3 ut_weapon_deagle
  4:51 Kill: 1 2 23: rafal killed btr by UT_MOD_BLED
  4:53 ClientSpawn: 0
  4:55 ClientSpawn: 1
  4:57 ClientSpawn: 2
  4:59 Item: 0 ut_weapon_ump45
  5:01 Kill: 1 2 20: rafal killed btr by UT_MOD_G36
  5:04 Item: 1 ut_weapon_glock
  5:05 Item: 1 ut_weapon_mp5k
  5:05 Item: 1 ut_weapon_g36
  5:06 ClientSpawn: 2
  5:09 Kill: 0 3 15: Krzyszti killed tpiDev by UT_MOD_DEAGLE
  5:11 Item: 2 ut_weapon_ump45
  5:11 Item: 2 ut_weapon_g36
  5:11 Item: 2 ut_weapon_deagle
  5:12 Kill: 1 2 20: rafal killed btr by UT_MOD_G36
  5:14 ClientSpawn: 3
  5:17 ClientSpawn: 2
  5:19 Kill: 0 3 30: Krzyszti killed tpiDev by UT_MOD_AK103
  5:22 Kill: 2 0 17: btr killed Krzyszti by UT_MOD_UMP45
  5:22 Item: 2 ut_weapon_deagle
  5:22 Item: 2 ut_weapon_ump45
  5:24 ClientSpawn: 3
  5:27 ClientSpawn: 0
  5:27 Kill: 1 2 20: rafal killed btr by UT_MOD_G36
  5:31 Kill: 0 3 30: Krzyszti killed tpiDev by UT_MOD_AK103
  5:32 ClientSpawn: 2
  5:36 Kill: 1 2 20: rafal killed btr by UT_MOD_G36
  5:36 ClientSpawn: 3
  5:38 Item: 0 ut_weapon_ump45
  5:40 Item: 0 ut_weapon_deagle
  5:40 Item: 0 ut_weapon_ump45
  5:40 Item: 3 ut_weapon_deagle
  5:41 Item: 3 ut_weapon_g36
  5:41 Item: 3 ut_weapon_mp5k
  5:41 ClientSpawn: 2
  5:41 Kill: 3 0 20: tpiDev killed Krzyszti by UT_MOD_G36
  5:43 Kill: 1 3 20: rafal killed tpiDev by UT_MOD_G36
  5:46 ClientSpawn: 0
  5:48 ClientSpawn: 3
  5:51 Kill: 0 2 30: Krzyszti killed btr by UT_MOD_AK103
  5:53 Kill: 3 0 20: tpiDev killed Krzyszti by UT_MOD_G36
  5:56 Kill: 1 3 20: rafal killed tpiDev by UT_MOD_G36
  5:56 ClientSpawn: 2
  5:58 ClientSpawn: 0
  6:01 ClientSpawn: 3
  6:05 Kill: 2 0 20: btr killed Krzyszti by UT_MOD_G36
  6:06 Item: 3 ut_weapon_g36
  6:06 Item: 2 ut_weapon_deagle
  6:09 Kill: 2 1 20: btr killed rafal by UT_MOD_G36
  6:10 ClientSpawn: 0
  6:14 Item: 3 ut_weapon_g36
  6:14 Item: 3 ut_weapon_deagle
  6:14 Item: 3 ut_weapon_mp5k
  6:14 ClientSpawn: 1
  6:18 Item: 0 ut_weapon_ak103
  6:19 Kill: 0 2 30: Krzyszti killed btr by UT_MOD_AK103
  6:21 Kill: 3 0 20: tpiDev killed Krzyszti by UT_MOD_G36
  6:21 Item: 3 ut_weapon_deagle
  6:24 Kill: 3 1 20: tpiDev killed rafal by UT_MOD_G36
  6:24 ClientSpawn: 2
  6:26 ClientSpawn: 0
  6:29 ClientSpawn: 1
  6:32 Kill: 0 3 30: Krzyszti killed tpiDev by UT_MOD_AK103
  6:36 Kill: 0 2 30: Krzyszti killed btr by UT_MOD_AK103
  6:37 ClientSpawn: 3
  6:41 ClientSpawn: 2
  6:43 Item: 0 ut_weapon_ak103
  6:46 Kill: 0 2 30: Krzyszti killed btr by UT_MOD_AK103
  6:46 Item: 3 ut_weapon_g36
  6:48 Item: 0 ut_weapon_deagle
  6:50 Kill: 3 1 20: tpiDev killed rafal by UT_MOD_G36
  6:51 ClientSpawn: 2
  6:53 Item: 0 ut_weapon_ump45
  6:55 ClientSpawn: 1
  6:55 Item: 2 ut_weapon_g36
  6:55 Item: 2 ut_weapon_ump45
  7:01 Kill: 1 2 20: rafal killed btr by UT_MOD_G36
  7:01 Kill: 0 3 30: Krzyszti killed tpiDev by UT_MOD_AK103
  7:06 ClientSpawn: 2
  7:06 ClientSpawn: 3
  7:12 Kill: 0 3 30: Krzyszti killed tpiDev by UT_MOD_AK103
  7:17 ClientSpawn: 3
  7:18 Kill: 0 2 30: Krzyszti killed btr by UT_MOD_AK103
  7:22 Item: 3 ut_weapon_mp5k
  7:22 Item: 3 ut_weapon_g36
  7:22 Item: 3 ut_weapon_deagle
  7:23 ClientSpawn: 2
  7:25 Item: 2 ut_weapon_g36
  7:25 Item: 2 ut_weapon_deagle
  7:25 Item: 2 ut_weapon_ump45
  7:27 Kill: 0 3 23: Krzyszti killed tpiDev by UT_MOD_BLED
  7:32 ClientSpawn: 3
  7:32 Kill: 2 1 20: btr killed rafal by UT_MOD_G36
  7:33 Kill: 0 2 30: Krzyszti killed btr by UT_MOD_AK103
  7:38 ClientSpawn: 1
  7:38 ClientSpawn: 2
  7:40 Item: 3 ut_weapon_mp5k
  7:40 Item: 3 ut_weapon_deagle
  7:49 Kill: 3 0 20: tpiDev killed Krzyszti by UT_MOD_G36
  7:50 Kill: 1 2 20: rafal killed btr by UT_MOD_G36
  7:54 ClientSpawn: 0
  7:55 ClientSpawn: 2
  7:56 Kill: 1 3 20: rafal killed tpiDev by UT_MOD_G36
  8:01 ClientSpawn: 3
  8:03 Kill: 0 2 30: Krzyszti killed btr by UT_MOD_AK103
  8:07 Kill: 3 1 20: tpiDev killed rafal by UT_MOD_G36
  8:07 Kill: 0 3 30: Krzyszti killed tpiDev by UT_MOD_AK103
  8:08 ClientSpawn: 2
  8:08 Item: 0 ut_weapon_mp5k
  8:08 Item: 0 ut_weapon_deagle
  8:12 Item: 0 ut_weapon_mp5k
  8:12 Item: 0 ut_weapon_deagle
  8:12 ClientSpawn: 1
  8:12 ClientSpawn: 3
  8:13 Kill: 2 0 20: btr killed Krzyszti by UT_MOD_G36
  8:16 Item: 3 ut_weapon_g36
  8:16 Item: 2 ut_weapon_deagle
  8:16 Item: 2 ut_weapon_ump45
  8:17 Kill: 1 3 20: rafal killed tpiDev by UT_MOD_G36
  8:18 ClientSpawn: 0
  8:22 ClientSpawn: 3
  8:24 Kill: 0 2 30: Krzyszti killed btr by UT_MOD_AK103
  8:25 Item: 0 ut_weapon_deagle
  8:26 Item: 0 ut_weapon_ump45
  8:27 Item: 3 ut_weapon_g36
  8:27 Item: 3 ut_weapon_deagle
  8:27 Item: 3 ut_weapon_mp5k
  8:29 ClientSpawn: 2
  8:34 Kill: 3 1 20: tpiDev killed rafal by UT_MOD_G36
  8:34 Kill: 0 2 30: Krzyszti killed btr by UT_MOD_AK103
  8:36 Kill: 0 3 30: Krzyszti killed tpiDev by UT_MOD_AK103
  8:39 ClientSpawn: 1
  8:39 ClientSpawn: 2
  8:41 ClientSpawn: 3
  8:44 Kill: 0 2 30: Krzyszti killed btr by UT_MOD_AK103
  8:45 Item: 1 ut_weapon_glock
  8:45 Item: 1 ut_weapon_mp5k
  8:45 Item: 1 ut_weapon_g36
  8:49 ClientSpawn: 2
  8:49 Kill: 1 3 20: rafal killed tpiDev by UT_MOD_G36
  8:54 ClientSpawn: 3
  8:59 Item: 2 ut_weapon_deagle
  8:59 Item: 2 ut_weapon_g36
  9:01 Item: 3 ut_weapon_g36
  9:09 Kill: 0 2 30: Krzyszti killed btr by UT_MOD_AK103
  9:13 Kill: 0 3 30: Krzyszti killed tpiDev by UT_MOD_AK103
  9:14 ClientSpawn: 2
  9:18 ClientSpawn: 3
  9:19 Kill: 1 2 20: rafal killed btr by UT_MOD_G36
  9:24 ClientSpawn: 2
  9:24 Kill: 1 3 20: rafal killed tpiDev by UT_MOD_G36
  9:29 ClientSpawn: 3
  9:38 Kill: 3 1 20: tpiDev killed rafal by UT_MOD_G36
  9:39 Kill: 0 3 30: Krzyszti killed tpiDev by UT_MOD_AK103
  9:43 ClientSpawn: 1
  9:44 ClientSpawn: 3
  9:48 Item: 3 ut_weapon_g36
  9:48 Item: 3 ut_weapon_deagle
  9:48 Item: 3 ut_weapon_mp5k
  9:51 Kill: 0 2 23: Krzyszti killed btr by UT_MOD_BLED
  9:56 ClientSpawn: 2
 10:02 Kill: 1 2 20: rafal killed btr by UT_MOD_G36
 10:04 Item: 3 ut_weapon_mp5k
 10:05 Item: 3 ut_weapon_grenade_he
 10:05 Item: 3 ut_weapon_g36
 10:06 Kill: 3 0 20: tpiDev killed Krzyszti by UT_MOD_G36
 10:07 ClientSpawn: 2
 10:11 ClientSpawn: 0
 10:13 Item: 2 ut_weapon_g36
 10:13 Item: 2 ut_weapon_ump45
 10:13 Item: 2 ut_weapon_deagle
 10:16 Kill: 1 2 20: rafal killed btr by UT_MOD_G36
 10:21 ClientSpawn: 2
 10:22 Kill: 0 3 23: Krzyszti killed tpiDev by UT_MOD_BLED
 10:27 ClientSpawn: 3
 10:31 Kill: 3 0 20: tpiDev killed Krzyszti by UT_MOD_G36
 10:36 ClientSpawn: 0
 10:44 Kill: 3 0 20: tpiDev killed Krzyszti by UT_MOD_G36
 10:44 Item: 1 ut_weapon_mp5k
 10:46 Kill: 1 2 20: rafal killed btr by UT_MOD_G36
 10:48 Item: 1 ut_weapon_grenade_he
 10:49 ClientSpawn: 0
 10:51 ClientSpawn: 2
 10:56 Kill: 0 2 30: Krzyszti killed btr by UT_MOD_AK103
 10:57 Kill: 3 0 18: tpiDev killed Krzyszti by UT_MOD_MP5K
 11:01 ClientSpawn: 2
 11:02 ClientSpawn: 0
 11:03 Kill: 3 1 20: tpiDev killed rafal by UT_MOD_G36
 11:07 Kill: 0 3 30: Krzyszti killed tpiDev by UT_MOD_AK103
 11:08 ClientSpawn: 1
 11:09 Item: 0 ut_weapon_mp5k
 11:09 Item: 0 ut_weapon_deagle
 11:11 Kill: 2 0 20: btr killed Krzyszti by UT_MOD_G36
 11:12 ClientSpawn: 3
 11:14 Kill: 1 2 20: rafal killed btr by UT_MOD_G36
 11:17 ClientSpawn: 0
 11:19 ClientSpawn: 2
 11:20 Kill: 3 1 20: tpiDev killed rafal by UT_MOD_G36
 11:20 Item: 3 ut_weapon_g36
 11:21 Item: 0 ut_weapon_deagle
 11:21 Item: 0 ut_weapon_mp5k
 11:21 Kill: 0 3 30: Krzyszti killed tpiDev by UT_MOD_AK103
 11:25 ClientSpawn: 1
 11:26 Kill: 0 2 30: Krzyszti killed btr by UT_MOD_AK103
 11:26 ClientSpawn: 3
 11:28 Item: 1 ut_weapon_g36
 11:31 ClientSpawn: 2
 11:35 Item: 2 ut_weapon_deagle
 11:35 Kill: 2 0 20: btr killed Krzyszti by UT_MOD_G36
 11:36 Item: 3 ut_weapon_g36
 11:39 Kill: 3 1 20: tpiDev killed rafal by UT_MOD_G36
 11:40 ClientSpawn: 0
 11:43 Item: 3 ut_weapon_g36
 11:44 Item: 3 ut_weapon_mp5k
 11:44 ClientSpawn: 1
 11:46 Item: 3 ut_weapon_mp5k
 11:46 Item: 3 ut_weapon_g36
 11:46 Item: 3 ut_weapon_mp5k
 11:47 Kill: 3 0 20: tpiDev killed Krzyszti by UT_MOD_G36
 11:48 Item: 3 ut_weapon_deagle
 11:51 Kill: 1 3 20: rafal killed tpiDev by UT_MOD_G36
 11:52 ClientSpawn: 0
 11:56 ClientSpawn: 3
 11:57 Kill: 1 2 20: rafal killed btr by UT_MOD_G36
 11:59 Item: 0 ut_weapon_deagle
 11:59 Item: 0 ut_weapon_mp5k
 12:01 Item: 1 ut_weapon_glock
 12:02 ClientSpawn: 2
 12:02 Kill: 0 3 30: Krzyszti killed tpiDev by UT_MOD_AK103
 12:07 ClientSpawn: 3
 12:08 Kill: 1 2 20: rafal killed btr by UT_MOD_G36
 12:11 Kill: 0 3 30: Krzyszti killed tpiDev by UT_MOD_AK103
 12:11 Item: 0 ut_weapon_mp5k
 12:13 ClientSpawn: 2
 12:15 Item: 0 ut_weapon_mp5k
 12:15 Item: 1 ut_weapon_g36
 12:16 ClientSpawn: 3
 12:17 Item: 0 ut_weapon_deagle
 12:17 Kill: 0 2 30: Krzyszti killed btr by UT_MOD_AK103
 12:18 Item: 0 ut_weapon_deagle
 12:19 Item: 0 ut_weapon_deagle
 12:22 ClientSpawn: 2
 12:25 Kill: 1 3 20: rafal killed tpiDev by UT_MOD_G36
 12:26 Item: 2 ut_weapon_g36
 12:26 Item: 2 ut_weapon_ump45
 12:27 Kill: 2 1 20: btr killed rafal by UT_MOD_G36
 12:28 Kill: 0 2 30: Krzyszti killed btr by UT_MOD_AK103
 12:30 ClientSpawn: 3
 12:32 ClientSpawn: 1
 12:33 ClientSpawn: 2
 12:33 Item: 0 ut_weapon_deagle
 12:37 Kill: 0 2 30: Krzyszti killed btr by UT_MOD_AK103
 12:38 Item: 0 ut_weapon_deagle
 12:40 Kill: 3 0 20: tpiDev killed Krzyszti by UT_MOD_G36
 12:42 ClientSpawn: 2
 12:43 Item: 1 ut_weapon_glock
 12:45 Item: 1 ut_weapon_mp5k
 12:45 ClientSpawn: 0
 12:48 Item: 3 ut_weapon_mp5k
 12:48 Item: 2 ut_weapon_deagle
 12:48 Item: 3 ut_weapon_deagle
 12:51 Kill: 3 1 20: tpiDev killed rafal by UT_MOD_G36
 12:51 Item: 3 ut_weapon_g36
 12:51 Item: 3 ut_weapon_mp5k
 12:53 Item: 2 ut_weapon_ump45
 12:56 ClientSpawn: 1
 12:56 Kill: 3 0 20: tpiDev killed Krzyszti by UT_MOD_G36
 13:01 ClientSpawn: 0
 13:05 Kill: 1 3 20: rafal killed tpiDev by UT_MOD_G36
 13:06 Kill: 2 1 17: btr killed rafal by UT_MOD_UMP45
 13:10 ClientSpawn: 3
 13:12 ClientSpawn: 1
 13:12 Kill: 0 2 30: Krzyszti killed btr by UT_MOD_AK103
 13:15 Item: 3 ut_weapon_deagle
 13:16 Kill: 3 0 20: tpiDev killed Krzyszti by UT_MOD_G36
 13:16 Item: 3 ut_weapon_g36
 13:17 ClientSpawn: 2
 13:19 Item: 3 ut_weapon_mp5k
 13:19 Item: 3 ut_weapon_g36
 13:21 ClientSpawn: 0
 13:21 Item: 2 ut_weapon_g36
 13:22 Kill: 2 1 20: btr killed rafal by UT_MOD_G36
 13:26 Kill: 0 2 30: Krzyszti killed btr by UT_MOD_AK103
 13:27 ClientSpawn: 1
 13:30 Item: 1 ut_weapon_g36
 13:31 ClientSpawn: 2
 13:35 Kill: 3 1 20: tpiDev killed rafal by UT_MOD_G36
 13:38 Item: 3 ut_weapon_g36
 13:40 Kill: 0 3 30: Krzyszti killed tpiDev by UT_MOD_AK103
 13:40 ClientSpawn: 1
 13:45 ClientSpawn: 3
 13:46 Kill: 0 2 15: Krzyszti killed btr by UT_MOD_DEAGLE
 13:47 Item: 1 ut_weapon_mp5k
 13:47 Item: 0 ut_weapon_ump45
 13:48 Item: 1 ut_weapon_glock
 13:48 Item: 1 ut_weapon_mp5k
 13:51 ClientSpawn: 2
 13:55 Kill: 1 3 20: rafal killed tpiDev by UT_MOD_G36
 14:00 ClientSpawn: 3
 14:05 Kill: 1 3 20: rafal killed tpiDev by UT_MOD_G36
 14:05 Kill: 2 0 20: btr killed Krzyszti by UT_MOD_G36
 14:10 ClientSpawn: 0
 14:10 ClientSpawn: 3
 14:16 Kill: 0 2 30: Krzyszti killed btr by UT_MOD_AK103
 14:19 Kill: 3 0 20: tpiDev killed Krzyszti by UT_MOD_G36
 14:21 Item: 1 ut_weapon_g36
 14:21 ClientSpawn: 2
 14:24 ClientSpawn: 0
 14:31 Kill: 0 3 30: Krzyszti killed tpiDev by UT_MOD_AK103
 14:34 Kill: 2 0 20: btr killed Krzyszti by UT_MOD_G36
 14:36 ClientSpawn: 3
 14:39 ClientSpawn: 0
 14:40 Kill: 1 3 20: rafal killed tpiDev by UT_MOD_G36
 14:45 ClientSpawn: 3
 14:46 Kill: 2 1 20: btr killed rafal by UT_MOD_G36
 14:47 Item: 2 ut_weapon_g36
 14:49 Kill: 0 2 30: Krzyszti killed btr by UT_MOD_AK103
 14:51 ClientSpawn: 1
 14:54 ClientSpawn: 2
 15:07 Item: 3 ut_weapon_g36
 15:07 Item: 3 ut_weapon_deagle
 15:07 Item: 3 ut_weapon_grenade_he
 15:08 Kill: 3 0 20: tpiDev killed Krzyszti by UT_MOD_G36
 15:09 Item: 3 ut_weapon_deagle
 15:13 ClientSpawn: 0
 15:20 Kill: 3 1 20: tpiDev killed rafal by UT_MOD_G36
 15:23 Kill: 0 2 23: Krzyszti killed btr by UT_MOD_BLED
 15:25 ClientSpawn: 1
 15:27 Kill: 0 3 30: Krzyszti killed tpiDev by UT_MOD_AK103
 15:28 ClientSpawn: 2
 15:32 ClientSpawn: 3
 15:35 Kill: 2 0 20: btr killed Krzyszti by UT_MOD_G36
 15:38 Kill: 3 1 20: tpiDev killed rafal by UT_MOD_G36
 15:40 ClientSpawn: 0
 15:41 Item: 2 ut_weapon_ump45
 15:41 Item: 2 ut_weapon_deagle
 15:43 ClientSpawn: 1
 15:45 Kill: 0 3 30: Krzyszti killed tpiDev by UT_MOD_AK103
 15:48 Kill: 2 0 20: btr killed Krzyszti by UT_MOD_G36
 15:49 Item: 1 ut_weapon_mp5k
 15:49 Item: 1 ut_weapon_g36
 15:49 Item: 1 ut_weapon_glock
 15:50 ClientSpawn: 3
 15:53 ClientSpawn: 0
 15:55 Kill: 1 3 20: rafal killed tpiDev by UT_MOD_G36
 15:58 Kill: 2 1 20: btr killed rafal by UT_MOD_G36
 16:00 ClientSpawn: 3
 16:03 ClientSpawn: 1
 16:05 Kill: 0 2 30: Krzyszti killed btr by UT_MOD_AK103
 16:05 ClientUserinfo: 3 \ip\192.168.1.209:27960\name\tpiDev\racered\2\raceblue\2\rate\8000\ut_timenudge\0\cg_rgb\128 128 128\cg_physics\1\gear\GKIOWAA\racefree\2\cl_time\[xMCcY1@q|E[]yHT\cg_ghost\0\cg_autoPickup\-1\sex\male\handicap\100\color2\5\color1\4\snaps\20\authc\13043\authl\tpi\cl_guid\88DF9AEDC709B548FEB77A6B8D2EBF12\weapmodes\01000110120000010002000
 16:05 ClientUserinfoChanged: 3 n\tpiDev\t\2\r\2\tl\0\f0\\f1\\f2\\a0\0\a1\0\a2\255
 16:08 Item: 1 ut_weapon_glock
 16:08 Item: 1 ut_weapon_mp5k
 16:08 Item: 1 ut_weapon_g36
 16:08 Item: 0 ut_weapon_mp5k
 16:09 Item: 0 ut_weapon_deagle
 16:10 ClientSpawn: 2
 16:12 Item: 0 ut_weapon_deagle
 16:15 Kill: 0 2 30: Krzyszti killed btr by UT_MOD_AK103
 16:20 ClientSpawn: 2
 16:21 Kill: 1 3 20: rafal killed tpiDev by UT_MOD_G36
 16:26 ClientSpawn: 3
 16:27 Kill: 1 2 20: rafal killed btr by UT_MOD_G36
 16:29 Item: 0 ut_weapon_deagle
 16:31 Item: 0 ut_weapon_mp5k
 16:32 ClientSpawn: 2
 16:35 Item: 2 ut_weapon_ump45
 16:36 Kill: 0 2 30: Krzyszti killed btr by UT_MOD_AK103
 16:37 Kill: 0 3 30: Krzyszti killed tpiDev by UT_MOD_AK103
 16:41 ClientSpawn: 2
 16:42 ClientUserinfo: 3 \ip\192.168.1.209:27960\name\tpiDev\racered\2\raceblue\2\rate\8000\ut_timenudge\0\cg_rgb\128 128 128\cg_physics\1\gear\GcAOWAA\racefree\2\cl_time\[xMCcY1@q|E[]yHT\cg_ghost\0\cg_autoPickup\-1\sex\male\handicap\100\color2\5\color1\4\snaps\20\authc\13043\authl\tpi\cl_guid\88DF9AEDC709B548FEB77A6B8D2EBF12\weapmodes\01000110120000010002000
 16:42 ClientUserinfoChanged: 3 n\tpiDev\t\2\r\2\tl\0\f0\\f1\\f2\\a0\0\a1\0\a2\255
 16:42 ClientSpawn: 3
 16:46 Item: 2 ut_weapon_g36
 16:46 Item: 2 ut_weapon_deagle
 16:47 Kill: 1 3 18: rafal killed tpiDev by UT_MOD_MP5K
 16:52 ClientSpawn: 3
 16:54 Kill: 3 1 23: tpiDev killed rafal by UT_MOD_BLED
 16:56 Item: 3 ut_weapon_negev
 16:56 Item: 3 ut_weapon_deagle
 16:59 ClientSpawn: 1
 17:02 Kill: 3 0 23: tpiDev killed Krzyszti by UT_MOD_BLED
 17:03 Kill: 1 2 20: rafal killed btr by UT_MOD_G36
 17:07 ClientSpawn: 0
 17:08 ClientSpawn: 2
 17:12 Kill: 3 1 36: tpiDev killed rafal by UT_MOD_NEGEV
 17:15 Kill: 0 3 30: Krzyszti killed tpiDev by UT_MOD_AK103
 17:17 Item: 1 ut_weapon_g36
 17:17 ClientSpawn: 1
 17:21 ClientSpawn: 3
 17:24 Kill: 0 3 30: Krzyszti killed tpiDev by UT_MOD_AK103
 17:29 ClientSpawn: 3
 17:30 ClientUserinfo: 3 \ip\192.168.1.209:27960\name\tpiDev\racered\2\raceblue\2\rate\8000\ut_timenudge\0\cg_rgb\128 128 128\cg_physics\1\gear\GHAOWAA\racefree\2\cl_time\[xMCcY1@q|E[]yHT\cg_ghost\0\cg_autoPickup\-1\sex\male\handicap\100\color2\5\color1\4\snaps\20\authc\13043\authl\tpi\cl_guid\88DF9AEDC709B548FEB77A6B8D2EBF12\weapmodes\01000110120000010002000
 17:30 ClientUserinfoChanged: 3 n\tpiDev\t\2\r\2\tl\0\f0\\f1\\f2\\a0\0\a1\0\a2\255
 17:35 Kill: 0 3 30: Krzyszti killed tpiDev by UT_MOD_AK103
 17:40 ClientSpawn: 3
 17:42 ClientUserinfo: 3 \ip\192.168.1.209:27960\name\tpiDev\racered\2\raceblue\2\rate\8000\ut_timenudge\0\cg_rgb\128 128 128\cg_physics\1\gear\GeAOWAA\racefree\2\cl_time\[xMCcY1@q|E[]yHT\cg_ghost\0\cg_autoPickup\-1\sex\male\handicap\100\color2\5\color1\4\snaps\20\authc\13043\authl\tpi\cl_guid\88DF9AEDC709B548FEB77A6B8D2EBF12\weapmodes\01000110120000010002000
 17:42 ClientUserinfoChanged: 3 n\tpiDev\t\2\r\2\tl\0\f0\\f1\\f2\\a0\0\a1\0\a2\255
 17:45 Item: 3 ut_weapon_deagle
 17:45 Item: 3 ut_weapon_spas12
 17:54 Kill: 2 0 20: btr killed Krzyszti by UT_MOD_G36
 17:57 Kill: 1 3 20: rafal killed tpiDev by UT_MOD_G36
 17:59 ClientSpawn: 0
 18:02 ClientSpawn: 3
 18:04 Kill: 0 2 30: Krzyszti killed btr by UT_MOD_AK103
 18:05 Item: 0 ut_weapon_ump45
 18:05 Item: 0 ut_weapon_deagle
 18:09 ClientSpawn: 2
 18:15 Item: 3 ut_weapon_spas12
 18:16 Item: 3 ut_weapon_m4
 18:16 Kill: 3 0 38: tpiDev killed Krzyszti by UT_MOD_M4
 18:21 ClientSpawn: 0
 18:25 Kill: 2 1 20: btr killed rafal by UT_MOD_G36
 18:25 Item: 2 ut_weapon_g36
 18:27 Kill: 0 2 12: Krzyszti killed btr by UT_MOD_KNIFE
 18:27 Item: 0 ut_weapon_deagle
 18:27 Item: 0 ut_weapon_ump45
 18:30 ClientSpawn: 1
 18:31 Kill: 3 0 13: tpiDev killed Krzyszti by UT_MOD_KNIFE_THROWN
 18:32 ClientSpawn: 2
 18:34 Item: 1 ut_weapon_g36
 18:36 Kill: 1 3 20: rafal killed tpiDev by UT_MOD_G36
 18:36 ClientSpawn: 0
 18:41 ClientSpawn: 3
 18:44 Kill: 0 2 12: Krzyszti killed btr by UT_MOD_KNIFE
 18:44 Item: 0 ut_weapon_deagle
 18:44 Item: 0 ut_weapon_ump45
 18:49 ClientSpawn: 2
 18:50 Kill: 0 3 12: Krzyszti killed tpiDev by UT_MOD_KNIFE
 18:50 Item: 0 ut_weapon_deagle
 18:55 ClientSpawn: 3
 18:56 Kill: 2 0 12: btr killed Krzyszti by UT_MOD_KNIFE
 18:56 Item: 2 ut_weapon_deagle
 18:56 Item: 2 ut_weapon_ump45
 19:00 Item: 3 ut_weapon_m4
 19:01 ClientSpawn: 0
 19:03 Kill: 1 3 12: rafal killed tpiDev by UT_MOD_KNIFE
 19:06 Kill: 1 2 12: rafal killed btr by UT_MOD_KNIFE
 19:07 Item: 1 ut_weapon_g36
 19:08 ClientSpawn: 3
 19:12 ClientSpawn: 2
 19:14 Item: 3 ut_weapon_m4
 19:15 Item: 3 ut_weapon_knife
 19:17 Item: 0 ut_weapon_deagle
 19:18 Item: 3 ut_weapon_knife
 19:20 Item: 0 ut_weapon_knife
 19:22 Kill: 1 2 13: rafal killed btr by UT_MOD_KNIFE_THROWN
 19:22 Item: 1 ut_weapon_g36
 19:25 Item: 0 ut_weapon_knife
 19:27 ClientSpawn: 2
 19:29 Kill: 2 1 23: btr killed rafal by UT_MOD_BLED
 19:29 Item: 0 ut_weapon_mp5k
 19:31 Item: 2 ut_weapon_knife
 19:31 Kill: 0 3 12: Krzyszti killed tpiDev by UT_MOD_KNIFE
 19:31 Item: 0 ut_weapon_deagle
 19:32 Item: 2 ut_weapon_knife
 19:33 Item: 2 ut_weapon_ump45
 19:33 Item: 2 ut_weapon_deagle
 19:34 ClientSpawn: 1
 19:35 Kill: 0 2 12: Krzyszti killed btr by UT_MOD_KNIFE
 19:35 Item: 0 ut_weapon_deagle
 19:36 ClientSpawn: 3
 19:40 ClientSpawn: 2
 19:41 Item: 1 ut_weapon_g36
 19:44 Kill: 0 3 12: Krzyszti killed tpiDev by UT_MOD_KNIFE
 19:44 Item: 0 ut_weapon_deagle
 19:44 Item: 2 ut_weapon_ump45
 19:44 Item: 2 ut_weapon_g36
 19:48 Kill: 2 0 12: btr killed Krzyszti by UT_MOD_KNIFE
 19:48 Item: 2 ut_weapon_deagle
 19:49 ClientSpawn: 3
 19:50 Kill: 1 2 12: rafal killed btr by UT_MOD_KNIFE
 19:50 Item: 1 ut_weapon_g36
 19:53 ClientSpawn: 0
 19:55 ClientDisconnect: 3
 19:55 ClientSpawn: 2
 19:55 Item: 1 ut_weapon_mp5k
 20:02 Kill: 2 0 20: btr killed Krzyszti by UT_MOD_G36
 20:02 Item: 2 ut_weapon_deagle
 20:02 Kill: 1 2 20: rafal killed btr by UT_MOD_G36
 20:04 Item: 1 ut_weapon_g36
 20:07 ClientSpawn: 0
 20:07 ClientSpawn: 2
 20:15 Item: 2 ut_weapon_knife
 20:15 Item: 0 ut_weapon_ak103
 20:17 Exit: Timelimit hit.
 20:17 red:122  blue:77
 20:17 score: 78  ping: 0  client: 0 Krzyszti
 20:17 score: 44  ping: 0  client: 1 rafal
 20:17 score: 33  ping: 0  client: 2 btr
 20:18 ClientSpawn: 0
 20:18 ClientSpawn: 1
 20:18 ClientSpawn: 2
 20:23 ShutdownGame:
 20:23 ------------------------------------------------------------
  0:00 ------------------------------------------------------------
  0:00 InitGame: \sv_allowdownload\0\g_matchmode\0\g_gametype\3\sv_maxclients\12\sv_floodprotect\0\capturelimit\0\sv_hostname\New Unnamed Server\g_followstrict\0\fraglimit\0\timelimit\20\g_swaproles\0\g_roundtime\3\g_bombexplodetime\40\g_bombdefusetime\10\g_hotpotato\2\g_waverespawns\0\g_redwave\15\g_bluewave\15\g_respawndelay\5\g_suddendeath\1\g_maxrounds\0\g_friendlyfire\0\g_allowvote\0\g_armbands\1\g_funstuff\1\g_stratTime\0\g_skins\1\g_stamina\0\g_walljumps\3\g_deadchat\2\g_maxGameClients\0\dmflags\0\sv_minRate\0\sv_maxRate\0\sv_minPing\0\sv_maxPing\0\sv_clientsPerIp\0\version\ioQ3 1.35 urt 4.2.023 linux-x86_64 Jan 17 2015\protocol\68\mapname\ut4_dressingroom\sv_privateClients\0\gamename\q3urt42\g_needpass\0\g_enableDust\0\g_enableBreath\0\g_antilagvis\0\g_survivor\0\g_enablePrecip\0\auth\0\auth_status\off (local)\g_modversion\4.2.023\g_doWarmup\0
  0:00 Warmup:
  0:00 ClientConnect: 0
  0:00 ClientUserinfo: 0 \ip\localhost\name\Krzyszti\racered\2\raceblue\2\rate\8000\ut_timenudge\0\cg_rgb\128 128 128\cg_physics\1\g_gametype\3\snaps\20\color1\4\color2\5\handicap\100\sex\male\cg_autoPickup\-1\cg_ghost\0\cl_time\[gCy(FqVTcEX|yD<\racefree\2\gear\GaAORWA\authc\0\cl_guid\D48BF497957575233A618B87CC14A018\weapmodes\00000110220000010002000
  0:00 ClientUserinfoChanged: 0 n\Krzyszti\t\1\r\2\tl\0\f0\\f1\\f2\\a0\255\a1\0\a2\0
  0:00 ClientConnect: 1
  0:00 ClientUserinfo: 1 \ip\192.168.0.111:27960\name\rafal\racered\2\raceblue\2\rate\8000\ut_timenudge\0\cg_rgb\128 128 128\cg_physics\1\snaps\20\color1\4\color2\5\handicap\100\sex\male\cg_autoPickup\-1\cg_ghost\0\cl_time\LE2Q=hX4TRz1D1y]\racefree\2\gear\fMIOWAA\authc\0\cl_guid\17CB35F8398E5D1758D21B9DFCD5CC04\weapmodes\00000110220000020002000
  0:00 ClientUserinfoChanged: 1 n\rafal\t\1\r\2\tl\0\f0\\f1\\f2\\a0\255\a1\0\a2\0
  0:00 ClientConnect: 2
  0:00 ClientUserinfo: 2 \ip\192.168.0.115:27960\name\btr\racered\2\raceblue\2\rate\8000\ut_timenudge\0\cg_rgb\128 128 128\cg_physics\1\sex\male\handicap\100\color2\5\color1\4\snaps\20\cg_autoPickup\-1\cg_ghost\0\cl_time\$F$O$]K@_D9hM&gW\racefree\2\gear\GMJOWAA\authc\0\cl_guid\A6CA6C9E82762EE3FC2E13B463DDC101\weapmodes\00000110220000020002000
  0:00 ClientUserinfoChanged: 2 n\btr\t\2\r\2\tl\0\f0\\f1\\f2\\a0\0\a1\0\a2\255
  0:00 ShutdownGame:
  0:00 ------------------------------------------------------------
